Compiling the C compiler identification source file "CMakeCCompilerId.c" failed.
Compiler: /usr/bin/cc 
Build flags: 
Id flags:  

The output was:
1
/usr/bin/ld: cannot open output file a.out: 没有那个文件或目录
collect2: error: ld returned 1 exit status


Compiling the C compiler identification source file "CMakeCCompilerId.c" failed.
Compiler: /usr/bin/cc 
Build flags: 
Id flags:  

The output was:
1
/usr/bin/ld: cannot open output file a.out: 没有那个文件或目录
collect2: error: ld returned 1 exit status


Compiling the C compiler identification source file "CMakeCCompilerId.c" failed.
Compiler: /usr/bin/cc 
Build flags: 
Id flags: -c 

The output was:
1
Assembler messages:
致命错误： can't create CMakeCCompilerId.o: 没有那个文件或目录


Compiling the C compiler identification source file "CMakeCCompilerId.c" failed.
Compiler: /usr/bin/cc 
Build flags: 
Id flags: -c 

The output was:
1
Assembler messages:
致命错误： can't create CMakeCCompilerId.o: 没有那个文件或目录


Compiling the C compiler identification source file "CMakeCCompilerId.c" failed.
Compiler: /usr/bin/cc 
Build flags: 
Id flags: -Aa 

The output was:
1
<command-line>: error: missing '(' after predicate


Compiling the C compiler identification source file "CMakeCCompilerId.c" failed.
Compiler: /usr/bin/cc 
Build flags: 
Id flags: -Aa 

The output was:
1
<command-line>: error: missing '(' after predicate


Compiling the C compiler identification source file "CMakeCCompilerId.c" failed.
Compiler: /usr/bin/cc 
Build flags: 
Id flags: -D__CLASSIC_C__ 

The output was:
1
/usr/bin/ld: cannot open output file a.out: 没有那个文件或目录
collect2: error: ld returned 1 exit status


Compiling the C compiler identification source file "CMakeCCompilerId.c" failed.
Compiler: /usr/bin/cc 
Build flags: 
Id flags: -D__CLASSIC_C__ 

The output was:
1
/usr/bin/ld: cannot open output file a.out: 没有那个文件或目录
collect2: error: ld returned 1 exit status


Compiling the C compiler identification source file "CMakeCCompilerId.c" failed.
Compiler: /usr/bin/cc 
Build flags: 
Id flags: --target=arm-arm-none-eabi;-mcpu=cortex-m3 

The output was:
1
cc: warning: ‘-mcpu=’ is deprecated; use ‘-mtune=’ or ‘-march=’ instead
cc: error: unrecognized command line option ‘--target=arm-arm-none-eabi’


Compiling the C compiler identification source file "CMakeCCompilerId.c" failed.
Compiler: /usr/bin/cc 
Build flags: 
Id flags: --target=arm-arm-none-eabi;-mcpu=cortex-m3 

The output was:
1
cc: warning: ‘-mcpu=’ is deprecated; use ‘-mtune=’ or ‘-march=’ instead
cc: error: CMakeCCompilerId.c: 没有那个文件或目录
cc: error: unrecognized command line option ‘--target=arm-arm-none-eabi’
cc: fatal error: no input files
compilation terminated.


Compiling the C compiler identification source file "CMakeCCompilerId.c" failed.
Compiler: /usr/bin/cc 
Build flags: 
Id flags:  

The output was:
1
/usr/bin/ld: cannot open output file a.out: 没有那个文件或目录
collect2: error: ld returned 1 exit status


Compiling the C compiler identification source file "CMakeCCompilerId.c" failed.
Compiler: /usr/bin/cc 
Build flags: 
Id flags:  

The output was:
1
/usr/bin/ld: cannot open output file a.out: 没有那个文件或目录
collect2: error: ld returned 1 exit status


Compiling the C compiler identification source file "CMakeCCompilerId.c" failed.
Compiler: /usr/bin/cc 
Build flags: 
Id flags: -c 

The output was:
1
Assembler messages:
致命错误： can't create CMakeCCompilerId.o: 没有那个文件或目录


Compiling the C compiler identification source file "CMakeCCompilerId.c" failed.
Compiler: /usr/bin/cc 
Build flags: 
Id flags: -c 

The output was:
1
Assembler messages:
致命错误： can't create CMakeCCompilerId.o: 没有那个文件或目录


Compiling the C compiler identification source file "CMakeCCompilerId.c" failed.
Compiler: /usr/bin/cc 
Build flags: 
Id flags: -Aa 

The output was:
1
<command-line>: error: missing '(' after predicate


Compiling the C compiler identification source file "CMakeCCompilerId.c" failed.
Compiler: /usr/bin/cc 
Build flags: 
Id flags: -Aa 

The output was:
1
<command-line>: error: missing '(' after predicate


Compiling the C compiler identification source file "CMakeCCompilerId.c" failed.
Compiler: /usr/bin/cc 
Build flags: 
Id flags: -D__CLASSIC_C__ 

The output was:
1
/usr/bin/ld: cannot open output file a.out: 没有那个文件或目录
collect2: error: ld returned 1 exit status


Compiling the C compiler identification source file "CMakeCCompilerId.c" failed.
Compiler: /usr/bin/cc 
Build flags: 
Id flags: -D__CLASSIC_C__ 

The output was:
1
/usr/bin/ld: cannot open output file a.out: 没有那个文件或目录
collect2: error: ld returned 1 exit status


Compiling the C compiler identification source file "CMakeCCompilerId.c" failed.
Compiler: /usr/bin/cc 
Build flags: 
Id flags: --target=arm-arm-none-eabi;-mcpu=cortex-m3 

The output was:
1
cc: warning: ‘-mcpu=’ is deprecated; use ‘-mtune=’ or ‘-march=’ instead
cc: error: unrecognized command line option ‘--target=arm-arm-none-eabi’


Checking whether the C compiler is IAR using "" did not match "IAR .+ Compiler":
cc: fatal error: no input files
compilation terminated.
Checking whether the C compiler is IAR using "" did not match "IAR .+ Compiler":
cc: fatal error: no input files
compilation terminated.
Compiling the C compiler identification source file "CMakeCCompilerId.c" failed.
Compiler: /usr/bin/cc 
Build flags: 
Id flags: --target=arm-arm-none-eabi;-mcpu=cortex-m3 

The output was:
1
cc: warning: ‘-mcpu=’ is deprecated; use ‘-mtune=’ or ‘-march=’ instead
cc: error: unrecognized command line option ‘--target=arm-arm-none-eabi’


Checking whether the C compiler is IAR using "" did not match "IAR .+ Compiler":
cc: fatal error: no input files
compilation terminated.
Checking whether the C compiler is IAR using "" did not match "IAR .+ Compiler":
cc: fatal error: no input files
compilation terminated.
Compiling the CXX compiler identification source file "CMakeCXXCompilerId.cpp" failed.
Compiler: /usr/bin/c++ 
Build flags: 
Id flags:  

The output was:
1
/usr/bin/ld: cannot open output file a.out: 没有那个文件或目录
collect2: error: ld returned 1 exit status


Compiling the CXX compiler identification source file "CMakeCXXCompilerId.cpp" failed.
Compiler: /usr/bin/c++ 
Build flags: 
Id flags:  

The output was:
1
/usr/bin/ld: cannot open output file a.out: 没有那个文件或目录
collect2: error: ld returned 1 exit status


Compiling the CXX compiler identification source file "CMakeCXXCompilerId.cpp" failed.
Compiler: /usr/bin/c++ 
Build flags: 
Id flags: -c 

The output was:
1
Assembler messages:
致命错误： can't create CMakeCXXCompilerId.o: 没有那个文件或目录


Compiling the CXX compiler identification source file "CMakeCXXCompilerId.cpp" failed.
Compiler: /usr/bin/c++ 
Build flags: 
Id flags: --c++ 

The output was:
1
c++: error: unrecognized command line option ‘--c++’


Compiling the CXX compiler identification source file "CMakeCXXCompilerId.cpp" failed.
Compiler: /usr/bin/c++ 
Build flags: 
Id flags: -c 

The output was:
1
Assembler messages:
致命错误： can't create CMakeCXXCompilerId.o: 没有那个文件或目录


Compiling the CXX compiler identification source file "CMakeCXXCompilerId.cpp" failed.
Compiler: /usr/bin/c++ 
Build flags: 
Id flags: --ec++ 

The output was:
1
c++: error: unrecognized command line option ‘--ec++’; did you mean ‘-Weffc++’?


Compiling the CXX compiler identification source file "CMakeCXXCompilerId.cpp" failed.
Compiler: /usr/bin/c++ 
Build flags: 
Id flags: --c++ 

The output was:
1
c++: error: unrecognized command line option ‘--c++’


Compiling the CXX compiler identification source file "CMakeCXXCompilerId.cpp" failed.
Compiler: /usr/bin/c++ 
Build flags: 
Id flags: --ec++ 

The output was:
1
c++: error: unrecognized command line option ‘--ec++’; did you mean ‘-Weffc++’?


Compiling the CXX compiler identification source file "CMakeCXXCompilerId.cpp" failed.
Compiler: /usr/bin/c++ 
Build flags: 
Id flags: --target=arm-arm-none-eabi;-mcpu=cortex-m3 

The output was:
1
c++: warning: ‘-mcpu=’ is deprecated; use ‘-mtune=’ or ‘-march=’ instead
c++: error: unrecognized command line option ‘--target=arm-arm-none-eabi’


Compiling the CXX compiler identification source file "CMakeCXXCompilerId.cpp" failed.
Compiler: /usr/bin/c++ 
Build flags: 
Id flags: --target=arm-arm-none-eabi;-mcpu=cortex-m3 

The output was:
1
c++: warning: ‘-mcpu=’ is deprecated; use ‘-mtune=’ or ‘-march=’ instead
c++: error: unrecognized command line option ‘--target=arm-arm-none-eabi’


Compiling the CXX compiler identification source file "CMakeCXXCompilerId.cpp" failed.
Compiler: /usr/bin/c++ 
Build flags: 
Id flags:  

The output was:
1
cc1plus: fatal error: CMakeCXXCompilerId.cpp: 没有那个文件或目录
compilation terminated.


Determining if the C compiler works failed with the following output:
Change Dir: /home/ikun/unitree_sdk2/build/CMakeFiles/CMakeTmp

Run Build Command(s):/usr/bin/make cmTC_3d185/fast && /usr/bin/make -f CMakeFiles/cmTC_3d185.dir/build.make CMakeFiles/cmTC_3d185.dir/build
make[1]: 进入目录“/home/ikun/unitree_sdk2/build/CMakeFiles/CMakeTmp”
Building C object CMakeFiles/cmTC_3d185.dir/testCCompiler.c.o
/usr/bin/cc    -o CMakeFiles/cmTC_3d185.dir/testCCompiler.c.o   -c /home/ikun/unitree_sdk2/build/CMakeFiles/CMakeTmp/testCCompiler.c
Linking C executable cmTC_3d185
/usr/bin/cmake -E cmake_link_script CMakeFiles/cmTC_3d185.dir/link.txt --verbose=1
Error opening link script "CMakeFiles/cmTC_3d185.dir/link.txt"
make[1]: *** [CMakeFiles/cmTC_3d185.dir/build.make:87：cmTC_3d185] 错误 1
make[1]: 离开目录“/home/ikun/unitree_sdk2/build/CMakeFiles/CMakeTmp”
make: *** [Makefile:121：cmTC_3d185/fast] 错误 2



Detecting C compiler ABI info failed to compile with the following output:
Change Dir: /home/ikun/unitree_sdk2/build/CMakeFiles/CMakeTmp

Run Build Command(s):/usr/bin/make cmTC_979c1/fast && /usr/bin/make -f CMakeFiles/cmTC_979c1.dir/build.make CMakeFiles/cmTC_979c1.dir/build
make[1]: Entering directory '/home/ikun/unitree_sdk2/build/CMakeFiles/CMakeTmp'
make[1]: CMakeFiles/cmTC_979c1.dir/build.make: No such file or directory
make[1]: *** No rule to make target 'CMakeFiles/cmTC_979c1.dir/build.make'.  Stop.
make[1]: Leaving directory '/home/ikun/unitree_sdk2/build/CMakeFiles/CMakeTmp'
make: *** [Makefile:121: cmTC_979c1/fast] Error 2




Performing C SOURCE FILE Test CMAKE_HAVE_LIBC_PTHREAD failed with the following output:
Change Dir: /home/ikun/unitree_sdk2/build/CMakeFiles/CMakeTmp

Run Build Command(s):/usr/bin/make cmTC_1f584/fast && /usr/bin/make -f CMakeFiles/cmTC_1f584.dir/build.make CMakeFiles/cmTC_1f584.dir/build
make[1]: 进入目录“/home/ikun/unitree_sdk2/build/CMakeFiles/CMakeTmp”
Building C object CMakeFiles/cmTC_1f584.dir/src.c.o
/usr/bin/cc   -DCMAKE_HAVE_LIBC_PTHREAD   -o CMakeFiles/cmTC_1f584.dir/src.c.o   -c /home/ikun/unitree_sdk2/build/CMakeFiles/CMakeTmp/src.c
Linking C executable cmTC_1f584
/usr/bin/cmake -E cmake_link_script CMakeFiles/cmTC_1f584.dir/link.txt --verbose=1
/usr/bin/cc  -DCMAKE_HAVE_LIBC_PTHREAD    CMakeFiles/cmTC_1f584.dir/src.c.o  -o cmTC_1f584 
/usr/bin/ld: CMakeFiles/cmTC_1f584.dir/src.c.o: in function `main':
src.c:(.text+0x46): undefined reference to `pthread_create'
/usr/bin/ld: src.c:(.text+0x52): undefined reference to `pthread_detach'
/usr/bin/ld: src.c:(.text+0x63): undefined reference to `pthread_join'
collect2: error: ld returned 1 exit status
make[1]: *** [CMakeFiles/cmTC_1f584.dir/build.make:87：cmTC_1f584] 错误 1
make[1]: 离开目录“/home/ikun/unitree_sdk2/build/CMakeFiles/CMakeTmp”
make: *** [Makefile:121：cmTC_1f584/fast] 错误 2


Source file was:
#include <pthread.h>

void* test_func(void* data)
{
  return data;
}

int main(void)
{
  pthread_t thread;
  pthread_create(&thread, NULL, test_func, NULL);
  pthread_detach(thread);
  pthread_join(thread, NULL);
  pthread_atfork(NULL, NULL, NULL);
  pthread_exit(NULL);

  return 0;
}

Determining if the function pthread_create exists in the pthreads failed with the following output:
Change Dir: /home/ikun/unitree_sdk2/build/CMakeFiles/CMakeTmp

Run Build Command(s):/usr/bin/make cmTC_d6f62/fast && /usr/bin/make -f CMakeFiles/cmTC_d6f62.dir/build.make CMakeFiles/cmTC_d6f62.dir/build
make[1]: 进入目录“/home/ikun/unitree_sdk2/build/CMakeFiles/CMakeTmp”
Building C object CMakeFiles/cmTC_d6f62.dir/CheckFunctionExists.c.o
/usr/bin/cc   -DCHECK_FUNCTION_EXISTS=pthread_create   -o CMakeFiles/cmTC_d6f62.dir/CheckFunctionExists.c.o   -c /usr/share/cmake-3.16/Modules/CheckFunctionExists.c
Linking C executable cmTC_d6f62
/usr/bin/cmake -E cmake_link_script CMakeFiles/cmTC_d6f62.dir/link.txt --verbose=1
/usr/bin/cc  -DCHECK_FUNCTION_EXISTS=pthread_create    CMakeFiles/cmTC_d6f62.dir/CheckFunctionExists.c.o  -o cmTC_d6f62  -lpthreads 
/usr/bin/ld: 找不到 -lpthreads
collect2: error: ld returned 1 exit status
make[1]: *** [CMakeFiles/cmTC_d6f62.dir/build.make:87：cmTC_d6f62] 错误 1
make[1]: 离开目录“/home/ikun/unitree_sdk2/build/CMakeFiles/CMakeTmp”
make: *** [Makefile:121：cmTC_d6f62/fast] 错误 2



